# JRE version: OpenJDK Runtime Environment Microsoft-9889606 (21.0.4+7) (build 21.0.4+7-LTS)
# Java VM: OpenJDK 64-Bit Server VM Microsoft-9889606 (21.0.4+7-LTS, mixed mode, sharing, tiered, compressed oops, compressed class ptrs, g1 gc, linux-amd64)
GC Precious Log:
 CardTable entry size: 512
 Card Set container configuration: InlinePtr #cards 4 size 8 Array Of Cards #cards 64 size 144 Howl #buckets 8 coarsen threshold 14745 Howl Bitmap #cards 2048 size 272 coarsen threshold 1843 Card regions per heap region 1 cards per card region 16384
 CPUs: 2 total, 2 available
 Memory: 7929M
 Large Page Support: Disabled
 NUMA Support: Disabled
 Compressed Oops: Enabled (Zero based)
 Heap Region Size: 8M
 Heap Min Capacity: 2G
 Heap Initial Capacity: 2G
 Heap Max Capacity: 16G
 Pre-touch: Disabled
 Parallel Workers: 2
 Concurrent Workers: 1
 Concurrent Refinement Workers: 2
 Periodic GC: Disabled
Heap:
 garbage-first heap   total 3317760K, used 353011K [0x0000000400000000, 0x0000000800000000)
  region size 8192K, 23 young (188416K), 4 survivors (32768K)
 Metaspace       used 20341K, committed 20672K, reserved 1114112K
  class space    used 2174K, committed 2304K, reserved 1048576K
GC Heap History (20 events):
Event: 23.358 GC heap before
{Heap before GC invocations=2 (full 0):
 garbage-first heap   total 2105344K, used 134753K [0x0000000400000000, 0x0000000800000000)
  region size 8192K, 12 young (98304K), 2 survivors (16384K)
 Metaspace       used 13349K, committed 13632K, reserved 1114112K
  class space    used 1366K, committed 1472K, reserved 1048576K
}
Event: 23.410 GC heap after
{Heap after GC invocations=3 (full 0):
 garbage-first heap   total 2105344K, used 72825K [0x0000000400000000, 0x0000000800000000)
  region size 8192K, 2 young (16384K), 2 survivors (16384K)
 Metaspace       used 13349K, committed 13632K, reserved 1114112K
  class space    used 1366K, committed 1472K, reserved 1048576K
}
Event: 24.204 GC heap before
{Heap before GC invocations=3 (full 0):
 garbage-first heap   total 2105344K, used 154745K [0x0000000400000000, 0x0000000800000000)
  region size 8192K, 12 young (98304K), 2 survivors (16384K)
 Metaspace       used 13523K, committed 13760K, reserved 1114112K
  class space    used 1366K, committed 1472K, reserved 1048576K
}
Event: 24.236 GC heap after
{Heap after GC invocations=4 (full 0):
 garbage-first heap   total 2105344K, used 89879K [0x0000000400000000, 0x0000000800000000)
  region size 8192K, 2 young (16384K), 2 survivors (16384K)
 Metaspace       used 13523K, committed 13760K, reserved 1114112K
  class space    used 1366K, committed 1472K, reserved 1048576K
}
Event: 24.672 GC heap before
{Heap before GC invocations=4 (full 0):
 garbage-first heap   total 2105344K, used 163607K [0x0000000400000000, 0x0000000800000000)
  region size 8192K, 12 young (98304K), 2 survivors (16384K)
 Metaspace       used 13554K, committed 13824K, reserved 1114112K
  class space    used 1366K, committed 1472K, reserved 1048576K
}
Event: 24.695 GC heap after
{Heap after GC invocations=5 (full 0):
 garbage-first heap   total 2105344K, used 97493K [0x0000000400000000, 0x0000000800000000)
  region size 8192K, 1 young (8192K), 1 survivors (8192K)
 Metaspace       used 13554K, committed 13824K, reserved 1114112K
  class space    used 1366K, committed 1472K, reserved 1048576K
}
Event: 25.163 GC heap before
{Heap before GC invocations=5 (full 0):
 garbage-first heap   total 2105344K, used 187605K [0x0000000400000000, 0x0000000800000000)
  region size 8192K, 12 young (98304K), 1 survivors (8192K)
 Metaspace       used 13574K, committed 13824K, reserved 1114112K
  class space    used 1366K, committed 1472K, reserved 1048576K
}
Event: 25.172 GC heap after
{Heap after GC invocations=6 (full 0):
 garbage-first heap   total 2105344K, used 101322K [0x0000000400000000, 0x0000000800000000)
  region size 8192K, 2 young (16384K), 2 survivors (16384K)
 Metaspace       used 13574K, committed 13824K, reserved 1114112K
  class space    used 1366K, committed 1472K, reserved 1048576K
}
Event: 25.475 GC heap before
{Heap before GC invocations=6 (full 0):
 garbage-first heap   total 2105344K, used 183242K [0x0000000400000000, 0x0000000800000000)
  region size 8192K, 12 young (98304K), 2 survivors (16384K)
 Metaspace       used 13576K, committed 13824K, reserved 1114112K
  class space    used 1366K, committed 1472K, reserved 1048576K
}
Event: 25.493 GC heap after
{Heap after GC invocations=7 (full 0):
 garbage-first heap   total 2105344K, used 111028K [0x0000000400000000, 0x0000000800000000)
  region size 8192K, 2 young (16384K), 2 survivors (16384K)
 Metaspace       used 13576K, committed 13824K, reserved 1114112K
  class space    used 1366K, committed 1472K, reserved 1048576K
}
Event: 25.884 GC heap before
{Heap before GC invocations=7 (full 0):
 garbage-first heap   total 2105344K, used 192948K [0x0000000400000000, 0x0000000800000000)
  region size 8192K, 12 young (98304K), 2 survivors (16384K)
 Metaspace       used 13581K, committed 13824K, reserved 1114112K
  class space    used 1366K, committed 1472K, reserved 1048576K
}
Event: 25.904 GC heap after
{Heap after GC invocations=8 (full 0):
 garbage-first heap   total 3317760K, used 117301K [0x0000000400000000, 0x0000000800000000)
  region size 8192K, 1 young (8192K), 1 survivors (8192K)
 Metaspace       used 13581K, committed 13824K, reserved 1114112K
  class space    used 1366K, committed 1472K, reserved 1048576K
}
Event: 26.855 GC heap before
{Heap before GC invocations=8 (full 0):
 garbage-first heap   total 3317760K, used 272949K [0x0000000400000000, 0x0000000800000000)
  region size 8192K, 20 young (163840K), 1 survivors (8192K)
 Metaspace       used 13587K, committed 13824K, reserved 1114112K
  class space    used 1366K, committed 1472K, reserved 1048576K
}
Event: 26.883 GC heap after
{Heap after GC invocations=9 (full 0):
 garbage-first heap   total 3317760K, used 126563K [0x0000000400000000, 0x0000000800000000)
  region size 8192K, 2 young (16384K), 2 survivors (16384K)
 Metaspace       used 13587K, committed 13824K, reserved 1114112K
  class space    used 1366K, committed 1472K, reserved 1048576K
}
Event: 27.764 GC heap before
{Heap before GC invocations=9 (full 0):
 garbage-first heap   total 3317760K, used 282211K [0x0000000400000000, 0x0000000800000000)
  region size 8192K, 21 young (172032K), 2 survivors (16384K)
 Metaspace       used 13588K, committed 13824K, reserved 1114112K
  class space    used 1366K, committed 1472K, reserved 1048576K
}
Event: 27.815 GC heap after
{Heap after GC invocations=10 (full 0):
 garbage-first heap   total 3317760K, used 135826K [0x0000000400000000, 0x0000000800000000)
  region size 8192K, 3 young (24576K), 3 survivors (24576K)
 Metaspace       used 13588K, committed 13824K, reserved 1114112K
  class space    used 1366K, committed 1472K, reserved 1048576K
}
Event: 29.170 GC heap before
{Heap before GC invocations=10 (full 0):
 garbage-first heap   total 3317760K, used 357010K [0x0000000400000000, 0x0000000800000000)
  region size 8192K, 30 young (245760K), 3 survivors (24576K)
 Metaspace       used 13590K, committed 13824K, reserved 1114112K
  class space    used 1366K, committed 1472K, reserved 1048576K
}
Event: 29.226 GC heap after
{Heap after GC invocations=11 (full 0):
 garbage-first heap   total 3317760K, used 153304K [0x0000000400000000, 0x0000000800000000)
  region size 8192K, 4 young (32768K), 4 survivors (32768K)
 Metaspace       used 13590K, committed 13824K, reserved 1114112K
  class space    used 1366K, committed 1472K, reserved 1048576K
}
Event: 30.119 GC heap before
{Heap before GC invocations=11 (full 0):
 garbage-first heap   total 3317760K, used 374488K [0x0000000400000000, 0x0000000800000000)
  region size 8192K, 31 young (253952K), 4 survivors (32768K)
 Metaspace       used 13592K, committed 13824K, reserved 1114112K
  class space    used 1366K, committed 1472K, reserved 1048576K
}
Event: 30.151 GC heap after
{Heap after GC invocations=12 (full 0):
 garbage-first heap   total 3317760K, used 164595K [0x0000000400000000, 0x0000000800000000)
  region size 8192K, 4 young (32768K), 4 survivors (32768K)
 Metaspace       used 13592K, committed 13824K, reserved 1114112K
  class space    used 1366K, committed 1472K, reserved 1048576K
}

